<?xml version="1.0" encoding="UTF-8"?><testsuite errors="0" failures="0" name="Empleos" skipped="0" tests="28" time="3731.7" timestamp="2021-07-28 04:20:45"><testcase name="1. Validar ingreso a la opcion empleos"/><testcase name="2. Validar ingreso a la opcion servicios"/><testcase name="3. Validar ingreso a la opcion industrias"/><testcase name="4. Validar ingreso a la opcion formación"/><testcase name="5. Validar ingreso a la opcion comunidad"/><testcase name="6. Validar ingreso a la opcion nosotros"/><testcase name="7. Validar ingreso a la opcion contáctenos"/><testcase name="8. Validar ingreso a la opcion Modelo de calidad de software"/><testcase name="9. Validar ingreso a la opcion Diferencia entre calidad de software y pruebas"/><testcase name="10. Validar ingreso a la opcion Papel de los ingenieros"/><testcase name="11. Validar ingreso a la opcion El software en la economía actual"/><testcase name="12. Validar ingreso a la opcion Los errores del software"/><testcase name="13. Validar ingreso a la opcion Calidad de software"/><testcase name="14. Validar ingreso a la opcion Fundamentos ingeniería de software"/><testcase name="15. Validar ingreso a la opcion Marcos de trabajo de software"/><testcase name="16. Validar ingreso a la opcion Principios de programación"/><testcase name="17. Validar ingreso a la opcion Algoritmos de software"/><testcase name="18. Validar ingreso a la opcion ¿Qué es programación por Ncapas?"/><testcase name="18. Validar ingreso a la opcion Manual práctico de SQL"/><testcase name="19. Validar ingreso a la opcion Marcos de trabajo de pruebas"/><testcase name="20. Validar ingreso a la opcion ¿Qué son los riesgos del proyecto y de producto?"/><testcase name="21. Validar ingreso a la opcion Técnicas de caja negra"/><testcase name="22. Validar ingreso a la opcion Foundation Level – Técnicas"/><testcase name="23. Validar ingreso a la opcion Fundamentos de la gerencia de proyectos en desarrollo de software"/><testcase name="24. Validar ingreso a la opcion ¿Cuáles son las actividades de la Gestión de Proyectos?"/><testcase name="25. Validar ingreso a la opcion Ir al portal de empleos"/><testcase name="27. Validar ingreso a la opcion ¿Qué es ser Choucair?"/><testcase name="27. Validar ingreso a la opcion Prepararse para aplicar"/></testsuite>